[20:56:23] [Server thread/INFO]: Starting minecraft server version 1.7.2
[20:56:31] [Server thread/INFO]: Loading properties
[20:56:31] [Server thread/INFO]: Default game type: SURVIVAL
[20:56:31] [Server thread/INFO]: Generating keypair
[20:56:31] [Server thread/INFO]: Starting Minecraft server on *:25565
[20:56:31] [Server thread/WARN]: **** SERVER IS RUNNING IN OFFLINE/INSECURE MODE!
[20:56:31] [Server thread/WARN]: The server will make no attempt to authenticate usernames. Beware.
[20:56:31] [Server thread/WARN]: While this makes the game possible to play without internet access, it also opens up the ability for hackers to connect with any username they choose.
[20:56:31] [Server thread/WARN]: To change this, set "online-mode" to "true" in the server.properties file.
[20:56:32] [Server thread/INFO]: Preparing level "world"
[20:56:32] [Server thread/INFO]: Preparing start region for level 0
[20:56:33] [Server thread/INFO]: Preparing spawn area: 92%
[20:56:33] [Server thread/INFO]: Done (1.639s)! For help, type "help" or "?"
[20:56:45] [Server thread/INFO]: ToShiNoUKyoUKo[/61.228.5.140:51356] logged in with entity id 457 at (-7.159948411988827, 63.875, -25.98933882717168)
[20:56:45] [Server thread/INFO]: ToShiNoUKyoUKo joined the game
[20:57:52] [Server thread/INFO]: neargame[/114.35.171.203:56694] logged in with entity id 3032 at (-21.745370590469427, 65.36075, -25.459011072055763)
[20:57:52] [Server thread/INFO]: neargame joined the game
[21:10:45] [Server thread/INFO]: neargame lost connection: TextComponent{text='Disconnected', siblings=[], style=Style{hasParent=false, color=null, bold=null, italic=null, underlined=null, obfuscated=null, clickEvent=null, hoverEvent=null}}
[21:10:45] [Server thread/INFO]: neargame left the game
[21:23:08] [Server thread/INFO]: neargame[/114.35.171.203:56841] logged in with entity id 74641 at (-11.924870292317891, 69.0, -35.283553362358475)
[21:23:08] [Server thread/INFO]: neargame joined the game
[21:27:02] [Server thread/INFO]: ToShiNoUKyoUKo lost connection: TextComponent{text='Disconnected', siblings=[], style=Style{hasParent=false, color=null, bold=null, italic=null, underlined=null, obfuscated=null, clickEvent=null, hoverEvent=null}}
[21:27:02] [Server thread/INFO]: ToShiNoUKyoUKo left the game
[21:28:05] [Server thread/INFO]: ToShiNoUKyoUKo[/61.228.5.140:51872] logged in with entity id 91963 at (-10.414855160486749, 64.0, -22.828579721851643)
[21:28:05] [Server thread/INFO]: ToShiNoUKyoUKo joined the game
[21:45:12] [Server thread/INFO]: neargame has just earned the achievement [Even Hotter Topic]
[22:04:49] [Server thread/INFO]: neargame has just earned the achievement [A bit rough around the edges]
[22:04:59] [Server thread/INFO]: neargame has just earned the achievement [Hard as a rock]
[22:05:17] [Server thread/INFO]: neargame has just earned the achievement [Just hit it!]
[22:34:49] [Server thread/INFO]: neargame lost connection: TextComponent{text='Disconnected', siblings=[], style=Style{hasParent=false, color=null, bold=null, italic=null, underlined=null, obfuscated=null, clickEvent=null, hoverEvent=null}}
[22:34:49] [Server thread/INFO]: neargame left the game
[22:36:13] [Server thread/INFO]: neargame[/114.35.171.203:57497] logged in with entity id 238835 at (-5.450301335171874, 70.0, -50.96556014644569)
[22:36:13] [Server thread/INFO]: neargame joined the game
[22:50:58] [Server thread/INFO]: neargame lost connection: TextComponent{text='Disconnected', siblings=[], style=Style{hasParent=false, color=null, bold=null, italic=null, underlined=null, obfuscated=null, clickEvent=null, hoverEvent=null}}
[22:50:58] [Server thread/INFO]: neargame left the game
[22:51:36] [Server thread/INFO]: neargame[/114.35.171.203:57781] logged in with entity id 283174 at (8.662577849126674, 72.0, -28.30000001192092)
[22:51:36] [Server thread/INFO]: neargame joined the game
[22:59:03] [Server thread/INFO]: ToShiNoUKyoUKo lost connection: TextComponent{text='Disconnected', siblings=[], style=Style{hasParent=false, color=null, bold=null, italic=null, underlined=null, obfuscated=null, clickEvent=null, hoverEvent=null}}
[22:59:03] [Server thread/INFO]: ToShiNoUKyoUKo left the game
[23:02:25] [Server thread/INFO]: ToShiNoUKyoUKo[/61.228.5.140:54126] logged in with entity id 301568 at (-5.543329395432172, 69.0, -35.5856722830171)
[23:02:25] [Server thread/INFO]: ToShiNoUKyoUKo joined the game
[23:06:15] [Server thread/INFO]: neargame lost connection: TextComponent{text='Disconnected', siblings=[], style=Style{hasParent=false, color=null, bold=null, italic=null, underlined=null, obfuscated=null, clickEvent=null, hoverEvent=null}}
[23:06:15] [Server thread/INFO]: neargame left the game
[23:13:34] [Server thread/INFO]: neargame[/114.35.171.203:60200] logged in with entity id 322348 at (19.699999988079075, 72.0, -38.69999998807907)
[23:13:34] [Server thread/INFO]: neargame joined the game
[23:28:32] [Server thread/INFO]: ToShiNoUKyoUKo lost connection: TextComponent{text='Disconnected', siblings=[], style=Style{hasParent=false, color=null, bold=null, italic=null, underlined=null, obfuscated=null, clickEvent=null, hoverEvent=null}}
[23:28:32] [Server thread/INFO]: ToShiNoUKyoUKo left the game
[23:56:47] [Server thread/INFO]: neargame lost connection: TextComponent{text='Disconnected', siblings=[], style=Style{hasParent=false, color=null, bold=null, italic=null, underlined=null, obfuscated=null, clickEvent=null, hoverEvent=null}}
[23:56:47] [Server thread/INFO]: neargame left the game
