[23:03:31] [Server thread/INFO]: Starting minecraft server version 1.7.2
[23:03:39] [Server thread/INFO]: Loading properties
[23:03:39] [Server thread/INFO]: Default game type: SURVIVAL
[23:03:39] [Server thread/INFO]: Generating keypair
[23:03:39] [Server thread/INFO]: Starting Minecraft server on *:25565
[23:03:39] [Server thread/WARN]: **** SERVER IS RUNNING IN OFFLINE/INSECURE MODE!
[23:03:39] [Server thread/WARN]: The server will make no attempt to authenticate usernames. Beware.
[23:03:39] [Server thread/WARN]: While this makes the game possible to play without internet access, it also opens up the ability for hackers to connect with any username they choose.
[23:03:39] [Server thread/WARN]: To change this, set "online-mode" to "true" in the server.properties file.
[23:03:40] [Server thread/INFO]: Preparing level "world"
[23:03:41] [Server thread/INFO]: Preparing start region for level 0
[23:03:42] [Server thread/INFO]: Preparing spawn area: 92%
[23:03:42] [Server thread/INFO]: Done (2.553s)! For help, type "help" or "?"
[23:04:20] [Server thread/INFO]: joe321[/59.115.36.96:49931] logged in with entity id 845 at (86.46597609753603, 72.0, -113.60162873361566)
[23:04:20] [Server thread/INFO]: joe321 joined the game
[23:04:28] [Server thread/INFO]: joe321 lost connection: TextComponent{text='Disconnected', siblings=[], style=Style{hasParent=false, color=null, bold=null, italic=null, underlined=null, obfuscated=null, clickEvent=null, hoverEvent=null}}
[23:04:28] [Server thread/INFO]: joe321 left the game
[23:04:36] [Server Shutdown Thread/INFO]: Stopping server
[23:04:36] [Server Shutdown Thread/INFO]: Saving players
[23:04:36] [Server Shutdown Thread/INFO]: Saving worlds
